<?xml version="1.0" encoding="UTF-8"?>
<!-- Generated by org.testng.reporters.JUnitReportReporter -->
<testsuite hostname="Vaishu-PC" name="com.magento.Day4Test" tests="1" failures="0" timestamp="14 Jun 2016 16:32:03 GMT" time="35.701" errors="0">
  <testcase name="TestDay4Test" time="35.701" classname="com.magento.Day4Test"/>
</testsuite> <!-- com.magento.Day4Test -->
